[15-Jan-2020 22:33:39 Europe/Berlin] PHP Warning:  mysqli_connect(): (HY000/1045): Access denied for user 'root'@'localhost' (using password: NO) in D:\xampp\htdocs\letovi\init.php on line 8
[15-Jan-2020 22:33:39 Europe/Berlin] PHP Warning:  include(meni.php): failed to open stream: No such file or directory in D:\xampp\htdocs\letovi\prognoza.php on line 27
[15-Jan-2020 22:33:39 Europe/Berlin] PHP Warning:  include(): Failed opening 'meni.php' for inclusion (include_path='D:\xampp\php\PEAR') in D:\xampp\htdocs\letovi\prognoza.php on line 27
[15-Jan-2020 22:33:39 Europe/Berlin] PHP Warning:  include(slider.php): failed to open stream: No such file or directory in D:\xampp\htdocs\letovi\prognoza.php on line 31
[15-Jan-2020 22:33:39 Europe/Berlin] PHP Warning:  include(): Failed opening 'slider.php' for inclusion (include_path='D:\xampp\php\PEAR') in D:\xampp\htdocs\letovi\prognoza.php on line 31
[15-Jan-2020 22:33:39 Europe/Berlin] PHP Warning:  include(footer.php): failed to open stream: No such file or directory in D:\xampp\htdocs\letovi\prognoza.php on line 89
[15-Jan-2020 22:33:39 Europe/Berlin] PHP Warning:  include(): Failed opening 'footer.php' for inclusion (include_path='D:\xampp\php\PEAR') in D:\xampp\htdocs\letovi\prognoza.php on line 89
[15-Jan-2020 22:36:09 Europe/Berlin] PHP Warning:  mysqli_connect(): (HY000/1045): Access denied for user 'root'@'localhost' (using password: NO) in D:\xampp\htdocs\letovi\init.php on line 8
[15-Jan-2020 22:36:09 Europe/Berlin] PHP Warning:  include(meni.php): failed to open stream: No such file or directory in D:\xampp\htdocs\letovi\prognoza.php on line 27
[15-Jan-2020 22:36:09 Europe/Berlin] PHP Warning:  include(): Failed opening 'meni.php' for inclusion (include_path='D:\xampp\php\PEAR') in D:\xampp\htdocs\letovi\prognoza.php on line 27
[15-Jan-2020 22:36:09 Europe/Berlin] PHP Warning:  include(slider.php): failed to open stream: No such file or directory in D:\xampp\htdocs\letovi\prognoza.php on line 31
[15-Jan-2020 22:36:09 Europe/Berlin] PHP Warning:  include(): Failed opening 'slider.php' for inclusion (include_path='D:\xampp\php\PEAR') in D:\xampp\htdocs\letovi\prognoza.php on line 31
[15-Jan-2020 22:36:09 Europe/Berlin] PHP Warning:  include(footer.php): failed to open stream: No such file or directory in D:\xampp\htdocs\letovi\prognoza.php on line 89
[15-Jan-2020 22:36:09 Europe/Berlin] PHP Warning:  include(): Failed opening 'footer.php' for inclusion (include_path='D:\xampp\php\PEAR') in D:\xampp\htdocs\letovi\prognoza.php on line 89
[15-Jan-2020 22:46:18 Europe/Berlin] PHP Warning:  include(meni.php): failed to open stream: No such file or directory in C:\xampp\htdocs\letovi\prognoza.php on line 27
[15-Jan-2020 22:46:18 Europe/Berlin] PHP Warning:  include(): Failed opening 'meni.php' for inclusion (include_path='C:\xampp\php\PEAR') in C:\xampp\htdocs\letovi\prognoza.php on line 27
[15-Jan-2020 22:46:18 Europe/Berlin] PHP Warning:  include(slider.php): failed to open stream: No such file or directory in C:\xampp\htdocs\letovi\prognoza.php on line 31
[15-Jan-2020 22:46:18 Europe/Berlin] PHP Warning:  include(): Failed opening 'slider.php' for inclusion (include_path='C:\xampp\php\PEAR') in C:\xampp\htdocs\letovi\prognoza.php on line 31
[15-Jan-2020 22:46:18 Europe/Berlin] PHP Warning:  include(footer.php): failed to open stream: No such file or directory in C:\xampp\htdocs\letovi\prognoza.php on line 89
[15-Jan-2020 22:46:18 Europe/Berlin] PHP Warning:  include(): Failed opening 'footer.php' for inclusion (include_path='C:\xampp\php\PEAR') in C:\xampp\htdocs\letovi\prognoza.php on line 89
[15-Jan-2020 22:48:38 Europe/Berlin] PHP Warning:  include(meni.php): failed to open stream: No such file or directory in C:\xampp\htdocs\letovi\prognoza.php on line 27
[15-Jan-2020 22:48:38 Europe/Berlin] PHP Warning:  include(): Failed opening 'meni.php' for inclusion (include_path='C:\xampp\php\PEAR') in C:\xampp\htdocs\letovi\prognoza.php on line 27
[15-Jan-2020 22:48:38 Europe/Berlin] PHP Warning:  include(slider.php): failed to open stream: No such file or directory in C:\xampp\htdocs\letovi\prognoza.php on line 31
[15-Jan-2020 22:48:38 Europe/Berlin] PHP Warning:  include(): Failed opening 'slider.php' for inclusion (include_path='C:\xampp\php\PEAR') in C:\xampp\htdocs\letovi\prognoza.php on line 31
[15-Jan-2020 22:48:38 Europe/Berlin] PHP Warning:  include(footer.php): failed to open stream: No such file or directory in C:\xampp\htdocs\letovi\prognoza.php on line 83
[15-Jan-2020 22:48:38 Europe/Berlin] PHP Warning:  include(): Failed opening 'footer.php' for inclusion (include_path='C:\xampp\php\PEAR') in C:\xampp\htdocs\letovi\prognoza.php on line 83
[15-Jan-2020 22:48:52 Europe/Berlin] PHP Warning:  include(meni.php): failed to open stream: No such file or directory in C:\xampp\htdocs\letovi\prognoza.php on line 27
[15-Jan-2020 22:48:52 Europe/Berlin] PHP Warning:  include(): Failed opening 'meni.php' for inclusion (include_path='C:\xampp\php\PEAR') in C:\xampp\htdocs\letovi\prognoza.php on line 27
[15-Jan-2020 22:48:52 Europe/Berlin] PHP Warning:  include(slider.php): failed to open stream: No such file or directory in C:\xampp\htdocs\letovi\prognoza.php on line 31
[15-Jan-2020 22:48:52 Europe/Berlin] PHP Warning:  include(): Failed opening 'slider.php' for inclusion (include_path='C:\xampp\php\PEAR') in C:\xampp\htdocs\letovi\prognoza.php on line 31
[15-Jan-2020 22:48:52 Europe/Berlin] PHP Warning:  include(footer.php): failed to open stream: No such file or directory in C:\xampp\htdocs\letovi\prognoza.php on line 89
[15-Jan-2020 22:48:52 Europe/Berlin] PHP Warning:  include(): Failed opening 'footer.php' for inclusion (include_path='C:\xampp\php\PEAR') in C:\xampp\htdocs\letovi\prognoza.php on line 89
[15-Jan-2020 22:49:06 Europe/Berlin] PHP Warning:  include(meni.php): failed to open stream: No such file or directory in C:\xampp\htdocs\letovi\prognoza.php on line 27
[15-Jan-2020 22:49:06 Europe/Berlin] PHP Warning:  include(): Failed opening 'meni.php' for inclusion (include_path='C:\xampp\php\PEAR') in C:\xampp\htdocs\letovi\prognoza.php on line 27
[15-Jan-2020 22:49:06 Europe/Berlin] PHP Warning:  include(slider.php): failed to open stream: No such file or directory in C:\xampp\htdocs\letovi\prognoza.php on line 31
[15-Jan-2020 22:49:06 Europe/Berlin] PHP Warning:  include(): Failed opening 'slider.php' for inclusion (include_path='C:\xampp\php\PEAR') in C:\xampp\htdocs\letovi\prognoza.php on line 31
[15-Jan-2020 22:49:06 Europe/Berlin] PHP Warning:  include(footer.php): failed to open stream: No such file or directory in C:\xampp\htdocs\letovi\prognoza.php on line 83
[15-Jan-2020 22:49:06 Europe/Berlin] PHP Warning:  include(): Failed opening 'footer.php' for inclusion (include_path='C:\xampp\php\PEAR') in C:\xampp\htdocs\letovi\prognoza.php on line 83
[15-Jan-2020 22:49:29 Europe/Berlin] PHP Warning:  include(meni.php): failed to open stream: No such file or directory in C:\xampp\htdocs\letovi\prognoza.php on line 27
[15-Jan-2020 22:49:29 Europe/Berlin] PHP Warning:  include(): Failed opening 'meni.php' for inclusion (include_path='C:\xampp\php\PEAR') in C:\xampp\htdocs\letovi\prognoza.php on line 27
[15-Jan-2020 22:49:29 Europe/Berlin] PHP Warning:  include(slider.php): failed to open stream: No such file or directory in C:\xampp\htdocs\letovi\prognoza.php on line 31
[15-Jan-2020 22:49:29 Europe/Berlin] PHP Warning:  include(): Failed opening 'slider.php' for inclusion (include_path='C:\xampp\php\PEAR') in C:\xampp\htdocs\letovi\prognoza.php on line 31
[15-Jan-2020 22:49:29 Europe/Berlin] PHP Warning:  include(footer.php): failed to open stream: No such file or directory in C:\xampp\htdocs\letovi\prognoza.php on line 56
[15-Jan-2020 22:49:29 Europe/Berlin] PHP Warning:  include(): Failed opening 'footer.php' for inclusion (include_path='C:\xampp\php\PEAR') in C:\xampp\htdocs\letovi\prognoza.php on line 56
[15-Jan-2020 22:52:23 Europe/Berlin] PHP Warning:  include(meni.php): failed to open stream: No such file or directory in C:\xampp\htdocs\letovi\prognoza.php on line 27
[15-Jan-2020 22:52:23 Europe/Berlin] PHP Warning:  include(): Failed opening 'meni.php' for inclusion (include_path='C:\xampp\php\PEAR') in C:\xampp\htdocs\letovi\prognoza.php on line 27
[15-Jan-2020 22:52:23 Europe/Berlin] PHP Warning:  include(slider.php): failed to open stream: No such file or directory in C:\xampp\htdocs\letovi\prognoza.php on line 31
[15-Jan-2020 22:52:23 Europe/Berlin] PHP Warning:  include(): Failed opening 'slider.php' for inclusion (include_path='C:\xampp\php\PEAR') in C:\xampp\htdocs\letovi\prognoza.php on line 31
[15-Jan-2020 22:52:23 Europe/Berlin] PHP Warning:  include(footer.php): failed to open stream: No such file or directory in C:\xampp\htdocs\letovi\prognoza.php on line 53
[15-Jan-2020 22:52:23 Europe/Berlin] PHP Warning:  include(): Failed opening 'footer.php' for inclusion (include_path='C:\xampp\php\PEAR') in C:\xampp\htdocs\letovi\prognoza.php on line 53
[15-Jan-2020 22:52:38 Europe/Berlin] PHP Warning:  include(meni.php): failed to open stream: No such file or directory in C:\xampp\htdocs\letovi\prognoza.php on line 27
[15-Jan-2020 22:52:38 Europe/Berlin] PHP Warning:  include(): Failed opening 'meni.php' for inclusion (include_path='C:\xampp\php\PEAR') in C:\xampp\htdocs\letovi\prognoza.php on line 27
[15-Jan-2020 22:52:38 Europe/Berlin] PHP Warning:  include(slider.php): failed to open stream: No such file or directory in C:\xampp\htdocs\letovi\prognoza.php on line 31
[15-Jan-2020 22:52:38 Europe/Berlin] PHP Warning:  include(): Failed opening 'slider.php' for inclusion (include_path='C:\xampp\php\PEAR') in C:\xampp\htdocs\letovi\prognoza.php on line 31
[15-Jan-2020 22:52:38 Europe/Berlin] PHP Warning:  include(footer.php): failed to open stream: No such file or directory in C:\xampp\htdocs\letovi\prognoza.php on line 53
[15-Jan-2020 22:52:38 Europe/Berlin] PHP Warning:  include(): Failed opening 'footer.php' for inclusion (include_path='C:\xampp\php\PEAR') in C:\xampp\htdocs\letovi\prognoza.php on line 53
[15-Jan-2020 22:53:57 Europe/Berlin] PHP Warning:  include(meni.php): failed to open stream: No such file or directory in C:\xampp\htdocs\letovi\prognoza.php on line 27
[15-Jan-2020 22:53:57 Europe/Berlin] PHP Warning:  include(): Failed opening 'meni.php' for inclusion (include_path='C:\xampp\php\PEAR') in C:\xampp\htdocs\letovi\prognoza.php on line 27
[15-Jan-2020 22:53:57 Europe/Berlin] PHP Warning:  include(slider.php): failed to open stream: No such file or directory in C:\xampp\htdocs\letovi\prognoza.php on line 31
[15-Jan-2020 22:53:57 Europe/Berlin] PHP Warning:  include(): Failed opening 'slider.php' for inclusion (include_path='C:\xampp\php\PEAR') in C:\xampp\htdocs\letovi\prognoza.php on line 31
[15-Jan-2020 22:53:57 Europe/Berlin] PHP Warning:  include(footer.php): failed to open stream: No such file or directory in C:\xampp\htdocs\letovi\prognoza.php on line 53
[15-Jan-2020 22:53:57 Europe/Berlin] PHP Warning:  include(): Failed opening 'footer.php' for inclusion (include_path='C:\xampp\php\PEAR') in C:\xampp\htdocs\letovi\prognoza.php on line 53
[15-Jan-2020 22:54:03 Europe/Berlin] PHP Warning:  include(meni.php): failed to open stream: No such file or directory in C:\xampp\htdocs\letovi\prognoza.php on line 27
[15-Jan-2020 22:54:03 Europe/Berlin] PHP Warning:  include(): Failed opening 'meni.php' for inclusion (include_path='C:\xampp\php\PEAR') in C:\xampp\htdocs\letovi\prognoza.php on line 27
[15-Jan-2020 22:54:03 Europe/Berlin] PHP Warning:  include(slider.php): failed to open stream: No such file or directory in C:\xampp\htdocs\letovi\prognoza.php on line 31
[15-Jan-2020 22:54:03 Europe/Berlin] PHP Warning:  include(): Failed opening 'slider.php' for inclusion (include_path='C:\xampp\php\PEAR') in C:\xampp\htdocs\letovi\prognoza.php on line 31
[15-Jan-2020 22:54:03 Europe/Berlin] PHP Warning:  include(footer.php): failed to open stream: No such file or directory in C:\xampp\htdocs\letovi\prognoza.php on line 53
[15-Jan-2020 22:54:03 Europe/Berlin] PHP Warning:  include(): Failed opening 'footer.php' for inclusion (include_path='C:\xampp\php\PEAR') in C:\xampp\htdocs\letovi\prognoza.php on line 53
[15-Jan-2020 22:54:49 Europe/Berlin] PHP Warning:  include(meni.php): failed to open stream: No such file or directory in C:\xampp\htdocs\letovi\prognoza.php on line 27
[15-Jan-2020 22:54:49 Europe/Berlin] PHP Warning:  include(): Failed opening 'meni.php' for inclusion (include_path='C:\xampp\php\PEAR') in C:\xampp\htdocs\letovi\prognoza.php on line 27
[15-Jan-2020 22:54:49 Europe/Berlin] PHP Warning:  include(slider.php): failed to open stream: No such file or directory in C:\xampp\htdocs\letovi\prognoza.php on line 31
[15-Jan-2020 22:54:49 Europe/Berlin] PHP Warning:  include(): Failed opening 'slider.php' for inclusion (include_path='C:\xampp\php\PEAR') in C:\xampp\htdocs\letovi\prognoza.php on line 31
[15-Jan-2020 22:54:49 Europe/Berlin] PHP Warning:  include(footer.php): failed to open stream: No such file or directory in C:\xampp\htdocs\letovi\prognoza.php on line 53
[15-Jan-2020 22:54:49 Europe/Berlin] PHP Warning:  include(): Failed opening 'footer.php' for inclusion (include_path='C:\xampp\php\PEAR') in C:\xampp\htdocs\letovi\prognoza.php on line 53
[15-Jan-2020 22:54:52 Europe/Berlin] PHP Warning:  include(meni.php): failed to open stream: No such file or directory in C:\xampp\htdocs\letovi\prognoza.php on line 27
[15-Jan-2020 22:54:52 Europe/Berlin] PHP Warning:  include(): Failed opening 'meni.php' for inclusion (include_path='C:\xampp\php\PEAR') in C:\xampp\htdocs\letovi\prognoza.php on line 27
[15-Jan-2020 22:54:52 Europe/Berlin] PHP Warning:  include(slider.php): failed to open stream: No such file or directory in C:\xampp\htdocs\letovi\prognoza.php on line 31
[15-Jan-2020 22:54:52 Europe/Berlin] PHP Warning:  include(): Failed opening 'slider.php' for inclusion (include_path='C:\xampp\php\PEAR') in C:\xampp\htdocs\letovi\prognoza.php on line 31
[15-Jan-2020 22:54:52 Europe/Berlin] PHP Warning:  include(footer.php): failed to open stream: No such file or directory in C:\xampp\htdocs\letovi\prognoza.php on line 53
[15-Jan-2020 22:54:52 Europe/Berlin] PHP Warning:  include(): Failed opening 'footer.php' for inclusion (include_path='C:\xampp\php\PEAR') in C:\xampp\htdocs\letovi\prognoza.php on line 53
